<?xml version="1.0" encoding="UTF-8"?>
<testng-results ignored="0" total="1" passed="1" failed="0" skipped="0">
  <reporter-output>
  </reporter-output>
  <suite started-at="2022-12-20T11:06:20 IST" name="Suite" finished-at="2022-12-20T11:06:51 IST" duration-ms="30514">
    <groups>
    </groups>
    <test started-at="2022-12-20T11:06:20 IST" name="Test2" finished-at="2022-12-20T11:06:51 IST" duration-ms="30514">
      <class name="mavenforjenkins.UITest">
        <test-method signature="startBrowser()[pri:0, instance:mavenforjenkins.UITest@1a84f40f]" started-at="2022-12-20T11:06:20 IST" name="startBrowser" finished-at="2022-12-20T11:06:51 IST" duration-ms="30480" status="PASS">
          <reporter-output>
          </reporter-output>
        </test-method> <!-- startBrowser -->
      </class> <!-- mavenforjenkins.UITest -->
    </test> <!-- Test2 -->
  </suite> <!-- Suite -->
</testng-results>
